<?xml version="1.0" encoding="UTF-8"?>
<testng-results ignored="0" total="1" passed="1" failed="0" skipped="0">
  <reporter-output>
  </reporter-output>
  <suite started-at="2022-03-31T15:26:02 IST" name="Default suite" finished-at="2022-03-31T15:27:52 IST" duration-ms="110258">
    <groups>
    </groups>
    <test started-at="2022-03-31T15:26:02 IST" name="Default test" finished-at="2022-03-31T15:27:52 IST" duration-ms="110258">
      <class name="app.regularMeetings">
        <test-method signature="startApp()[pri:0, instance:app.regularMeetings@654f0d9c]" started-at="2022-03-31T15:26:02 IST" name="startApp" finished-at="2022-03-31T15:27:52 IST" duration-ms="110187" status="PASS">
          <reporter-output>
          </reporter-output>
        </test-method> <!-- startApp -->
      </class> <!-- app.regularMeetings -->
    </test> <!-- Default test -->
  </suite> <!-- Default suite -->
</testng-results>
